<?xml version="1.0" encoding="UTF-8"?>
<!-- Generated by org.testng.reporters.JUnitXMLReporter -->
<testsuite hostname="DESKTOP-TS790HE" name="Command line test" tests="6" failures="4" timestamp="19 Sep 2022 11:47:52 GMT" time="29.95" errors="0">
  <testcase name="@AfterMethod logoutSuccess" time="0.0" classname="alterrio_retro_project.TC_02_sales_and_iventory_Test">
    <failure type="org.openqa.selenium.NoSuchWindowException" message="no such window: target window already closed
from unknown error: web view not found
  (Session info: chrome=105.0.5195.127)
Build info: version: &amp;apos;4.4.0&amp;apos;, revision: &amp;apos;e5c75ed026a&amp;apos;
System info: host: &amp;apos;DESKTOP-TS790HE&amp;apos;, ip: &amp;apos;192.168.0.107&amp;apos;, os.name: &amp;apos;Windows 11&amp;apos;, os.arch: &amp;apos;amd64&amp;apos;, os.version: &amp;apos;10.0&amp;apos;, java.version: &amp;apos;1.8.0_341&amp;apos;
Driver info: org.openqa.selenium.chrome.ChromeDriver
Command: [597c6394ee95809cc2dd40182377c0f8, findElement {using=xpath, value=//img[@class=&amp;apos;img-profile rounded-circle&amp;apos;]}]
Capabilities {acceptInsecureCerts: false, browserName: chrome, browserVersion: 105.0.5195.127, chrome: {chromedriverVersion: 105.0.5195.52 (412c95e51883..., userDataDir: C:\Users\GADGET~1\AppData\L...}, goog:chromeOptions: {debuggerAddress: localhost:56128}, networkConnectionEnabled: false, pageLoadStrategy: normal, platformName: WINDOWS, proxy: Proxy(), se:cdp: ws://localhost:56128/devtoo..., se:cdpVersion: 105.0.5195.127, setWindowRect: true, strictFileInteractability: false, timeouts: {implicit: 0, pageLoad: 300000, script: 30000}, unhandledPromptBehavior: dismiss and notify, webauthn:extension:credBlob: true, webauthn:extension:largeBlob: true, webauthn:virtualAuthenticators: true}
Session ID: 597c6394ee95809cc2dd40182377c0f8">
      <![CDATA[org.openqa.selenium.NoSuchWindowException: no such window: target window already closed
from unknown error: web view not found
  (Session info: chrome=105.0.5195.127)
Build info: version: '4.4.0', revision: 'e5c75ed026a'
System info: host: 'DESKTOP-TS790HE', ip: '192.168.0.107', os.name: 'Windows 11', os.arch: 'amd64', os.version: '10.0', java.version: '1.8.0_341'
Driver info: org.openqa.selenium.chrome.ChromeDriver
Command: [597c6394ee95809cc2dd40182377c0f8, findElement {using=xpath, value=//img[@class='img-profile rounded-circle']}]
Capabilities {acceptInsecureCerts: false, browserName: chrome, browserVersion: 105.0.5195.127, chrome: {chromedriverVersion: 105.0.5195.52 (412c95e51883..., userDataDir: C:\Users\GADGET~1\AppData\L...}, goog:chromeOptions: {debuggerAddress: localhost:56128}, networkConnectionEnabled: false, pageLoadStrategy: normal, platformName: WINDOWS, proxy: Proxy(), se:cdp: ws://localhost:56128/devtoo..., se:cdpVersion: 105.0.5195.127, setWindowRect: true, strictFileInteractability: false, timeouts: {implicit: 0, pageLoad: 300000, script: 30000}, unhandledPromptBehavior: dismiss and notify, webauthn:extension:credBlob: true, webauthn:extension:largeBlob: true, webauthn:virtualAuthenticators: true}
Session ID: 597c6394ee95809cc2dd40182377c0f8
	at org.openqa.selenium.remote.codec.w3c.W3CHttpResponseCodec.createException(W3CHttpResponseCodec.java:200)
	at org.openqa.selenium.remote.codec.w3c.W3CHttpResponseCodec.decode(W3CHttpResponseCodec.java:133)
	at org.openqa.selenium.remote.codec.w3c.W3CHttpResponseCodec.decode(W3CHttpResponseCodec.java:53)
	at org.openqa.selenium.remote.HttpCommandExecutor.execute(HttpCommandExecutor.java:184)
	at org.openqa.selenium.remote.service.DriverCommandExecutor.invokeExecute(DriverCommandExecutor.java:167)
	at org.openqa.selenium.remote.service.DriverCommandExecutor.execute(DriverCommandExecutor.java:142)
	at org.openqa.selenium.remote.RemoteWebDriver.execute(RemoteWebDriver.java:547)
	at org.openqa.selenium.remote.ElementLocation$ElementFinder$2.findElement(ElementLocation.java:162)
	at org.openqa.selenium.remote.ElementLocation.findElement(ElementLocation.java:60)
	at org.openqa.selenium.remote.RemoteWebDriver.findElement(RemoteWebDriver.java:365)
	at org.openqa.selenium.remote.RemoteWebDriver.findElement(RemoteWebDriver.java:357)
	at org.openqa.selenium.support.pagefactory.DefaultElementLocator.findElement(DefaultElementLocator.java:70)
	at org.openqa.selenium.support.pagefactory.internal.LocatingElementHandler.invoke(LocatingElementHandler.java:39)
	at com.sun.proxy.$Proxy13.click(Unknown Source)
	at org.sales_and_inventory_object_Repository.CommonPage.profileImage(CommonPage.java:96)
	at org.tyss.sales_and_inventory_Generic_script.BaseClass.logoutSuccess(BaseClass.java:65)
... Removed 40 stack frames]]>
    </failure>
  </testcase> <!-- @AfterMethod logoutSuccess -->
  <testcase name="@AfterClass closeEntire" time="0.0" classname="alterrio_retro_project.TC_02_sales_and_iventory_Test">
    <skipped/>
  </testcase> <!-- @AfterClass closeEntire -->
  <testcase name="script2test" time="0.0" classname="alterrio_retro_project.TestngPracticeTest">
    <failure type="java.lang.AssertionError" message="null">
      <![CDATA[java.lang.AssertionError: null
	at alterrio_retro_project.TestngPracticeTest.script2test(TestngPracticeTest.java:18)
... Removed 36 stack frames]]>
    </failure>
  </testcase> <!-- script2test -->
  <testcase name="main" time="2.291" classname="alterrio_retro_project.Tc_01_sales_and_inventory_Test">
    <failure type="java.lang.AssertionError" message="null">
      <![CDATA[java.lang.AssertionError: null
	at org.tyss.sales_and_inventory_Generic_script.WebDriverUtility.toperformVerificationByAssertNotEquals(WebDriverUtility.java:283)
	at alterrio_retro_project.Tc_01_sales_and_inventory_Test.main(Tc_01_sales_and_inventory_Test.java:49)
... Removed 37 stack frames]]>
    </failure>
  </testcase> <!-- main -->
  <testcase name="main" time="2.083" classname="alterrio_retro_project.Tc_03_sales_and_inventory_Test">
    <failure type="java.lang.AssertionError" message="null">
      <![CDATA[java.lang.AssertionError: null
	at org.tyss.sales_and_inventory_Generic_script.WebDriverUtility.toperformVerificationByAssertNotEquals(WebDriverUtility.java:283)
	at alterrio_retro_project.Tc_03_sales_and_inventory_Test.main(Tc_03_sales_and_inventory_Test.java:50)
... Removed 37 stack frames]]>
    </failure>
  </testcase> <!-- main -->
  <testcase name="main" time="2.776" classname="alterrio_retro_project.Tc_04_sales_and_inventory_Test"/>
  <testcase name="main" time="12.136" classname="alterrio_retro_project.TC_02_sales_and_iventory_Test">
    <failure type="org.openqa.selenium.NoSuchElementException" message="Unable to find element with locator By.xpath: //img[@class=&amp;apos;img-profile rounded-circle&amp;apos;]
For documentation on this error, please visit: https://selenium.dev/exceptions/#no_such_element
Build info: version: &amp;apos;4.4.0&amp;apos;, revision: &amp;apos;e5c75ed026a&amp;apos;
System info: host: &amp;apos;DESKTOP-TS790HE&amp;apos;, ip: &amp;apos;192.168.0.107&amp;apos;, os.name: &amp;apos;Windows 11&amp;apos;, os.arch: &amp;apos;amd64&amp;apos;, os.version: &amp;apos;10.0&amp;apos;, java.version: &amp;apos;1.8.0_341&amp;apos;
Driver info: driver.version: RemoteWebDriver">
      <![CDATA[org.openqa.selenium.NoSuchElementException: Unable to find element with locator By.xpath: //img[@class='img-profile rounded-circle']
For documentation on this error, please visit: https://selenium.dev/exceptions/#no_such_element
Build info: version: '4.4.0', revision: 'e5c75ed026a'
System info: host: 'DESKTOP-TS790HE', ip: '192.168.0.107', os.name: 'Windows 11', os.arch: 'amd64', os.version: '10.0', java.version: '1.8.0_341'
Driver info: driver.version: RemoteWebDriver
	at org.openqa.selenium.remote.ElementLocation$ElementFinder$2.findElement(ElementLocation.java:165)
	at org.openqa.selenium.remote.ElementLocation.findElement(ElementLocation.java:60)
	at org.openqa.selenium.remote.RemoteWebDriver.findElement(RemoteWebDriver.java:365)
	at org.openqa.selenium.remote.RemoteWebDriver.findElement(RemoteWebDriver.java:357)
	at org.openqa.selenium.support.pagefactory.DefaultElementLocator.findElement(DefaultElementLocator.java:70)
	at org.openqa.selenium.support.pagefactory.internal.LocatingElementHandler.invoke(LocatingElementHandler.java:39)
	at com.sun.proxy.$Proxy13.click(Unknown Source)
	at org.sales_and_inventory_object_Repository.CommonPage.profileImage(CommonPage.java:96)
	at alterrio_retro_project.TC_02_sales_and_iventory_Test.main(TC_02_sales_and_iventory_Test.java:60)
... Removed 34 stack frames]]>
    </failure>
  </testcase> <!-- main -->
  <testcase name="script1test" time="0.001" classname="alterrio_retro_project.TestngPracticeTest">
    <skipped/>
  </testcase> <!-- script1test -->
</testsuite> <!-- Command line test -->
