<!DOCTYPE html PUBLIC "-//W3C//DTD XHTML 1.1//EN" "http://www.w3.org/TR/xhtml11/DTD/xhtml11.dtd">
<html xmlns="http://www.w3.org/1999/xhtml"><head><title>TestNG Report</title><style type="text/css">table {margin-bottom:10px;border-collapse:collapse;empty-cells:show}th,td {border:1px solid #009;padding:.25em .5em}th {vertical-align:bottom}td {vertical-align:top}table a {font-weight:bold}.stripe td {background-color: #E6EBF9}.num {text-align:right}.passedodd td {background-color: #3F3}.passedeven td {background-color: #0A0}.skippedodd td {background-color: #DDD}.skippedeven td {background-color: #CCC}.failedodd td,.attn {background-color: #F33}.failedeven td,.stripe .attn {background-color: #D00}.stacktrace {white-space:pre;font-family:monospace}.totop {font-size:85%;text-align:center;border-bottom:2px solid #000}</style></head><body><table><tr><th>Test</th><th># Passed</th><th># Skipped</th><th># Failed</th><th>Time (ms)</th><th>Included Groups</th><th>Excluded Groups</th></tr><tr><th colspan="7">Command line suite</th></tr><tr><td><a href="#t0">Command line test</a></td><td class="num">1</td><td class="num attn">1</td><td class="num attn">4</td><td class="num">29,950</td><td></td><td></td></tr></table><table><thead><tr><th>Class</th><th>Method</th><th>Start</th><th>Time (ms)</th></tr></thead><tbody><tr><th colspan="4">Command line suite</th></tr></tbody><tbody id="t0"><tr><th colspan="4">Command line test &#8212; failed (configuration methods)</th></tr><tr class="failedeven"><td rowspan="1">alterrio_retro_project.TC_02_sales_and_iventory_Test</td><td><a href="#m0">logoutSuccess</a></td><td rowspan="1">1663588072777</td><td rowspan="1">0</td></tr><tr><th colspan="4">Command line test &#8212; failed</th></tr><tr class="failedeven"><td rowspan="1">alterrio_retro_project.TC_02_sales_and_iventory_Test</td><td><a href="#m1">main</a></td><td rowspan="1">1663588060641</td><td rowspan="1">12136</td></tr><tr class="failedodd"><td rowspan="1">alterrio_retro_project.Tc_01_sales_and_inventory_Test</td><td><a href="#m2">main</a></td><td rowspan="1">1663588046329</td><td rowspan="1">2291</td></tr><tr class="failedeven"><td rowspan="1">alterrio_retro_project.Tc_03_sales_and_inventory_Test</td><td><a href="#m3">main</a></td><td rowspan="1">1663588050935</td><td rowspan="1">2083</td></tr><tr class="failedodd"><td rowspan="1">alterrio_retro_project.TestngPracticeTest</td><td><a href="#m4">script2test</a></td><td rowspan="1">1663588042878</td><td rowspan="1">0</td></tr><tr><th colspan="4">Command line test &#8212; skipped (configuration methods)</th></tr><tr class="skippedeven"><td rowspan="1">alterrio_retro_project.TC_02_sales_and_iventory_Test</td><td><a href="#m5">closeEntire</a></td><td rowspan="1">1663588072811</td><td rowspan="1">0</td></tr><tr><th colspan="4">Command line test &#8212; skipped</th></tr><tr class="skippedeven"><td rowspan="1">alterrio_retro_project.TestngPracticeTest</td><td><a href="#m6">script1test</a></td><td rowspan="1">1663588072812</td><td rowspan="1">1</td></tr><tr><th colspan="4">Command line test &#8212; passed</th></tr><tr class="passedeven"><td rowspan="1">alterrio_retro_project.Tc_04_sales_and_inventory_Test</td><td><a href="#m7">main</a></td><td rowspan="1">1663588055383</td><td rowspan="1">2776</td></tr></tbody></table><h2>Command line test</h2><h3 id="m0">alterrio_retro_project.TC_02_sales_and_iventory_Test#logoutSuccess</h3><table class="result"><tr><th>Exception</th></tr><tr><td><div class="stacktrace">org.openqa.selenium.NoSuchWindowException: no such window: target window already closed
from unknown error: web view not found
  (Session info: chrome=105.0.5195.127)
Build info: version: &apos;4.4.0&apos;, revision: &apos;e5c75ed026a&apos;
System info: host: &apos;DESKTOP-TS790HE&apos;, ip: &apos;192.168.0.107&apos;, os.name: &apos;Windows 11&apos;, os.arch: &apos;amd64&apos;, os.version: &apos;10.0&apos;, java.version: &apos;1.8.0_341&apos;
Driver info: org.openqa.selenium.chrome.ChromeDriver
Command: [597c6394ee95809cc2dd40182377c0f8, findElement {using=xpath, value=//img[@class=&apos;img-profile rounded-circle&apos;]}]
Capabilities {acceptInsecureCerts: false, browserName: chrome, browserVersion: 105.0.5195.127, chrome: {chromedriverVersion: 105.0.5195.52 (412c95e51883..., userDataDir: C:\Users\GADGET~1\AppData\L...}, goog:chromeOptions: {debuggerAddress: localhost:56128}, networkConnectionEnabled: false, pageLoadStrategy: normal, platformName: WINDOWS, proxy: Proxy(), se:cdp: ws://localhost:56128/devtoo..., se:cdpVersion: 105.0.5195.127, setWindowRect: true, strictFileInteractability: false, timeouts: {implicit: 0, pageLoad: 300000, script: 30000}, unhandledPromptBehavior: dismiss and notify, webauthn:extension:credBlob: true, webauthn:extension:largeBlob: true, webauthn:virtualAuthenticators: true}
Session ID: 597c6394ee95809cc2dd40182377c0f8
	at org.openqa.selenium.remote.codec.w3c.W3CHttpResponseCodec.createException(W3CHttpResponseCodec.java:200)
	at org.openqa.selenium.remote.codec.w3c.W3CHttpResponseCodec.decode(W3CHttpResponseCodec.java:133)
	at org.openqa.selenium.remote.codec.w3c.W3CHttpResponseCodec.decode(W3CHttpResponseCodec.java:53)
	at org.openqa.selenium.remote.HttpCommandExecutor.execute(HttpCommandExecutor.java:184)
	at org.openqa.selenium.remote.service.DriverCommandExecutor.invokeExecute(DriverCommandExecutor.java:167)
	at org.openqa.selenium.remote.service.DriverCommandExecutor.execute(DriverCommandExecutor.java:142)
	at org.openqa.selenium.remote.RemoteWebDriver.execute(RemoteWebDriver.java:547)
	at org.openqa.selenium.remote.ElementLocation$ElementFinder$2.findElement(ElementLocation.java:162)
	at org.openqa.selenium.remote.ElementLocation.findElement(ElementLocation.java:60)
	at org.openqa.selenium.remote.RemoteWebDriver.findElement(RemoteWebDriver.java:365)
	at org.openqa.selenium.remote.RemoteWebDriver.findElement(RemoteWebDriver.java:357)
	at org.openqa.selenium.support.pagefactory.DefaultElementLocator.findElement(DefaultElementLocator.java:70)
	at org.openqa.selenium.support.pagefactory.internal.LocatingElementHandler.invoke(LocatingElementHandler.java:39)
	at com.sun.proxy.$Proxy13.click(Unknown Source)
	at org.sales_and_inventory_object_Repository.CommonPage.profileImage(CommonPage.java:96)
	at org.tyss.sales_and_inventory_Generic_script.BaseClass.logoutSuccess(BaseClass.java:65)
... Removed 40 stack frames</div></td></tr></table><p class="totop"><a href="#summary">back to summary</a></p><h3 id="m1">alterrio_retro_project.TC_02_sales_and_iventory_Test#main</h3><table class="result"><tr><th>Exception</th></tr><tr><td><div class="stacktrace">org.openqa.selenium.NoSuchElementException: Unable to find element with locator By.xpath: //img[@class=&apos;img-profile rounded-circle&apos;]
For documentation on this error, please visit: https://selenium.dev/exceptions/#no_such_element
Build info: version: &apos;4.4.0&apos;, revision: &apos;e5c75ed026a&apos;
System info: host: &apos;DESKTOP-TS790HE&apos;, ip: &apos;192.168.0.107&apos;, os.name: &apos;Windows 11&apos;, os.arch: &apos;amd64&apos;, os.version: &apos;10.0&apos;, java.version: &apos;1.8.0_341&apos;
Driver info: driver.version: RemoteWebDriver
	at org.openqa.selenium.remote.ElementLocation$ElementFinder$2.findElement(ElementLocation.java:165)
	at org.openqa.selenium.remote.ElementLocation.findElement(ElementLocation.java:60)
	at org.openqa.selenium.remote.RemoteWebDriver.findElement(RemoteWebDriver.java:365)
	at org.openqa.selenium.remote.RemoteWebDriver.findElement(RemoteWebDriver.java:357)
	at org.openqa.selenium.support.pagefactory.DefaultElementLocator.findElement(DefaultElementLocator.java:70)
	at org.openqa.selenium.support.pagefactory.internal.LocatingElementHandler.invoke(LocatingElementHandler.java:39)
	at com.sun.proxy.$Proxy13.click(Unknown Source)
	at org.sales_and_inventory_object_Repository.CommonPage.profileImage(CommonPage.java:96)
	at alterrio_retro_project.TC_02_sales_and_iventory_Test.main(TC_02_sales_and_iventory_Test.java:60)
... Removed 34 stack frames</div></td></tr></table><p class="totop"><a href="#summary">back to summary</a></p><h3 id="m2">alterrio_retro_project.Tc_01_sales_and_inventory_Test#main</h3><table class="result"><tr><th>Exception</th></tr><tr><td><div class="stacktrace">java.lang.AssertionError: null
	at org.tyss.sales_and_inventory_Generic_script.WebDriverUtility.toperformVerificationByAssertNotEquals(WebDriverUtility.java:283)
	at alterrio_retro_project.Tc_01_sales_and_inventory_Test.main(Tc_01_sales_and_inventory_Test.java:49)
... Removed 37 stack frames</div></td></tr></table><p class="totop"><a href="#summary">back to summary</a></p><h3 id="m3">alterrio_retro_project.Tc_03_sales_and_inventory_Test#main</h3><table class="result"><tr><th>Exception</th></tr><tr><td><div class="stacktrace">java.lang.AssertionError: null
	at org.tyss.sales_and_inventory_Generic_script.WebDriverUtility.toperformVerificationByAssertNotEquals(WebDriverUtility.java:283)
	at alterrio_retro_project.Tc_03_sales_and_inventory_Test.main(Tc_03_sales_and_inventory_Test.java:50)
... Removed 37 stack frames</div></td></tr></table><p class="totop"><a href="#summary">back to summary</a></p><h3 id="m4">alterrio_retro_project.TestngPracticeTest#script2test</h3><table class="result"><tr><th>Exception</th></tr><tr><td><div class="stacktrace">java.lang.AssertionError: null
	at alterrio_retro_project.TestngPracticeTest.script2test(TestngPracticeTest.java:18)
... Removed 36 stack frames</div></td></tr></table><p class="totop"><a href="#summary">back to summary</a></p><h3 id="m5">alterrio_retro_project.TC_02_sales_and_iventory_Test#closeEntire</h3><table class="result"></table><p class="totop"><a href="#summary">back to summary</a></p><h3 id="m6">alterrio_retro_project.TestngPracticeTest#script1test</h3><table class="result"><tr><th>Exception</th></tr><tr><td><div class="stacktrace">java.lang.Throwable: Method TestngPracticeTest.script1test()[pri:0, instance:alterrio_retro_project.TestngPracticeTest@4520ebad] depends on not successfully finished methods
... Removed 27 stack frames</div></td></tr></table><p class="totop"><a href="#summary">back to summary</a></p><h3 id="m7">alterrio_retro_project.Tc_04_sales_and_inventory_Test#main</h3><table class="result"></table><p class="totop"><a href="#summary">back to summary</a></p></body></html>